{
  "stats": {
    "suites": 20,
    "tests": 50,
    "passes": 46,
    "pending": 1,
    "failures": 3,
    "testsRegistered": 50,
    "passPercent": 92,
    "pendingPercent": 2,
    "other": 0,
    "hasOther": false,
    "skipped": 0,
    "hasSkipped": false,
    "start": "2025-03-17T19:01:41.634Z",
    "end": "2025-03-17T19:04:33.606Z",
    "duration": 171972
  },
  "results": [
    {
      "uuid": "e08ea9d2-f541-4875-a378-960e43ced822",
      "title": "",
      "fullFile": "cypress/e2e/Automation-test-store/Inspect-item.js",
      "file": "cypress/e2e/Automation-test-store/Inspect-item.js",
      "beforeHooks": [],
      "afterHooks": [],
      "tests": [
        {
          "title": "An uncaught error was detected outside of a test",
          "fullTitle": "An uncaught error was detected outside of a test",
          "timedOut": null,
          "duration": 215,
          "state": "failed",
          "speed": null,
          "pass": false,
          "fail": true,
          "pending": false,
          "context": null,
          "code": "throw err;",
          "err": {
            "message": "CypressError: The following error originated from your test code, not from Cypress.\n\n  > Cannot call `cy.log()` outside a running test.\n\nThis usually happens when you accidentally write commands outside an `it(...)` test.\n\nIf that is the case, just move these commands inside an `it(...)` test.\n\nCheck your test file for errors.\n\nWhen Cypress detects uncaught errors originating from your test code it will automatically fail the current test.\n\nCypress could not associate this error to any specific test.\n\nWe dynamically generated a new test to display this failure.\n\nhttps://on.cypress.io/cannot-execute-commands-outside-test",
            "estack": "CypressError: The following error originated from your test code, not from Cypress.\n\n  > Cannot call `cy.log()` outside a running test.\n\nThis usually happens when you accidentally write commands outside an `it(...)` test.\n\nIf that is the case, just move these commands inside an `it(...)` test.\n\nCheck your test file for errors.\n\nWhen Cypress detects uncaught errors originating from your test code it will automatically fail the current test.\n\nCypress could not associate this error to any specific test.\n\nWe dynamically generated a new test to display this failure.\n\nhttps://on.cypress.io/cannot-execute-commands-outside-test\n    at ensureRunnable (http://localhost:62050/__cypress/runner/cypress_runner.js:150716:66)\n    at cy.<computed> [as log] (http://localhost:62050/__cypress/runner/cypress_runner.js:151193:7)\n    at <unknown> (http://localhost:62050/__cypress/runner/cypress_runner.js:158861:23)\n    at tryCatcher (http://localhost:62050/__cypress/runner/cypress_runner.js:8914:23)\n    at Object.gotValue (http://localhost:62050/__cypress/runner/cypress_runner.js:8056:18)\n    at Object.gotAccum (http://localhost:62050/__cypress/runner/cypress_runner.js:8045:25)\n    at Object.tryCatcher (http://localhost:62050/__cypress/runner/cypress_runner.js:8914:23)\n    at Promise._settlePromiseFromHandler (http://localhost:62050/__cypress/runner/cypress_runner.js:6849:31)\n    at Promise._settlePromise (http://localhost:62050/__cypress/runner/cypress_runner.js:6906:18)\n    at Promise._settlePromise0 (http://localhost:62050/__cypress/runner/cypress_runner.js:6951:10)\n    at Promise._settlePromises (http://localhost:62050/__cypress/runner/cypress_runner.js:7031:18)\n    at _drainQueueStep (http://localhost:62050/__cypress/runner/cypress_runner.js:3621:12)\n    at _drainQueue (http://localhost:62050/__cypress/runner/cypress_runner.js:3614:9)\n    at ../../node_modules/bluebird/js/release/async.js.Async._drainQueues (http://localhost:62050/__cypress/runner/cypress_runner.js:3630:5)\n    at Async.drainQueues (http://localhost:62050/__cypress/runner/cypress_runner.js:3500:14)",
            "diff": null
          },
          "uuid": "232ee86e-9d7e-4af3-aae1-8df5dbca6f60",
          "parentUUID": "e08ea9d2-f541-4875-a378-960e43ced822",
          "isHook": false,
          "skipped": false
        }
      ],
      "suites": [],
      "passes": [],
      "failures": [
        "232ee86e-9d7e-4af3-aae1-8df5dbca6f60"
      ],
      "pending": [],
      "skipped": [],
      "duration": 215,
      "root": true,
      "rootEmpty": false,
      "_timeout": 2000
    },
    {
      "uuid": "4d36321d-fc94-45a0-8097-2d3dbe6872ac",
      "title": "",
      "fullFile": "cypress/e2e/Automation-test-store/alias-invoke.js",
      "file": "cypress/e2e/Automation-test-store/alias-invoke.js",
      "beforeHooks": [],
      "afterHooks": [],
      "tests": [],
      "suites": [
        {
          "uuid": "2bd7e685-a39a-4ba4-9573-bfe4cb82da18",
          "title": "Alias and invoke",
          "fullFile": "",
          "file": "",
          "beforeHooks": [],
          "afterHooks": [],
          "tests": [
            {
              "title": "Calculate total of normal and sale products",
              "fullTitle": "Alias and invoke Calculate total of normal and sale products",
              "timedOut": null,
              "duration": 4087,
              "state": "passed",
              "speed": "fast",
              "pass": true,
              "fail": false,
              "pending": false,
              "context": null,
              "code": "cy.visit(\"https://automationteststore.com/\");\ncy.get('.thumbnail').as('productThumbnail');\n// cy.get('@productThumbnail').find('.oneprice').each(($el, index, $list) => {\n//     cy.log($el.text());\n// });\ncy.get('.thumbnail').find('.oneprice').invoke('text').as('itemPrice');\ncy.get('.thumbnail').find('.pricenew').invoke('text').as('saleItemPrice');\nvar itemsTotal = 0;\ncy.get('@itemPrice').then($linkText => {\n  var itemsPriceTotal = 0;\n  var itemPrice = $linkText.split('$');\n  var i;\n  for (i = 0; i < itemPrice.length; i++) {\n    cy.log(itemPrice[i]);\n    itemsPriceTotal += Number(itemPrice[i]);\n  }\n  itemsTotal += itemsPriceTotal;\n  cy.log(\"Non sale price items total: \" + itemsPriceTotal);\n});",
              "err": {},
              "uuid": "e9b948e1-bfc7-4598-8743-c2f4ded038ab",
              "parentUUID": "2bd7e685-a39a-4ba4-9573-bfe4cb82da18",
              "isHook": false,
              "skipped": false
            }
          ],
          "suites": [],
          "passes": [
            "e9b948e1-bfc7-4598-8743-c2f4ded038ab"
          ],
          "failures": [],
          "pending": [],
          "skipped": [],
          "duration": 4087,
          "root": false,
          "rootEmpty": false,
          "_timeout": 2000
        }
      ],
      "passes": [],
      "failures": [],
      "pending": [],
      "skipped": [],
      "duration": 0,
      "root": true,
      "rootEmpty": true,
      "_timeout": 2000
    },
    {
      "uuid": "4289e44d-479b-4610-8cb5-abc08da28eed",
      "title": "",
      "fullFile": "cypress/e2e/Automation-test-store/contact-us.js",
      "file": "cypress/e2e/Automation-test-store/contact-us.js",
      "beforeHooks": [],
      "afterHooks": [],
      "tests": [],
      "suites": [
        {
          "uuid": "73a74b5f-b57a-4d58-b1c5-b8046937915b",
          "title": "Test Contact Us form via Automation Test Store",
          "fullFile": "",
          "file": "",
          "beforeHooks": [],
          "afterHooks": [],
          "tests": [
            {
              "title": "Should be able to submit a successful submission via contact us form",
              "fullTitle": "Test Contact Us form via Automation Test Store Should be able to submit a successful submission via contact us form",
              "timedOut": null,
              "duration": 9963,
              "state": "passed",
              "speed": "medium",
              "pass": true,
              "fail": false,
              "pending": false,
              "context": null,
              "code": "cy.visit(\"https://www.automationteststore.com/\");\ncy.get(\"a[href$='contact']\").click().then(function (linkText) {\n  cy.log(\"Clicked on link using text: \" + linkText.text());\n});\n//cy.xpath(\"//a[contains(@href, 'contact')]\").click();\ncy.get(\"@user\").then(user => {\n  cy.get('#ContactUsFrm_first_name').type(user.first_name);\n  cy.get('#ContactUsFrm_email').type(user.email);\n});\ncy.get('#ContactUsFrm_email').should('have.attr', 'name', 'email');\ncy.get('#ContactUsFrm_enquiry').type(\"Do you provide additional discount on bulk orders?\");\ncy.get(\"button[title='Submit']\").click();\ncy.get('.mb40 > :nth-child(3)').should('have.text', 'Your enquiry has been successfully sent to the store owner!');\ncy.log(\"Test has completed!\");",
              "err": {},
              "uuid": "e3434d5c-2918-424e-838f-81585fd2a2e7",
              "parentUUID": "73a74b5f-b57a-4d58-b1c5-b8046937915b",
              "isHook": false,
              "skipped": false
            }
          ],
          "suites": [],
          "passes": [
            "e3434d5c-2918-424e-838f-81585fd2a2e7"
          ],
          "failures": [],
          "pending": [],
          "skipped": [],
          "duration": 9963,
          "root": false,
          "rootEmpty": false,
          "_timeout": 2000
        }
      ],
      "passes": [],
      "failures": [],
      "pending": [],
      "skipped": [],
      "duration": 0,
      "root": true,
      "rootEmpty": true,
      "_timeout": 2000
    },
    {
      "uuid": "a1f91c53-e9cb-4415-8f00-0c8ecb8c0ecb",
      "title": "",
      "fullFile": "cypress/e2e/Automation-test-store/interate-over-element.js",
      "file": "cypress/e2e/Automation-test-store/interate-over-element.js",
      "beforeHooks": [],
      "afterHooks": [],
      "tests": [],
      "suites": [
        {
          "uuid": "2e092d1d-4629-40e1-b615-fe7ff70bb2e8",
          "title": "Iterate over elements",
          "fullFile": "",
          "file": "",
          "beforeHooks": [],
          "afterHooks": [],
          "tests": [
            {
              "title": "Log information of all hair care products",
              "fullTitle": "Iterate over elements Log information of all hair care products",
              "timedOut": null,
              "duration": 4765,
              "state": "passed",
              "speed": "fast",
              "pass": true,
              "fail": false,
              "pending": false,
              "context": null,
              "code": "cy.visit(\"https://automationteststore.com/\");\ncy.get(\"a[href*='product/category&path=']\").contains(\"Hair Care\").click();\ncy.get(\".fixed_wrapper .prdocutname\").each(($el, index, $list) => {\n  cy.log(\"Index: \" + index + \" : \" + $el.text());\n});",
              "err": {},
              "uuid": "fca67a14-ccc4-483c-a1b8-3b5297fcffcd",
              "parentUUID": "2e092d1d-4629-40e1-b615-fe7ff70bb2e8",
              "isHook": false,
              "skipped": false
            },
            {
              "title": "Add specific product to basket",
              "fullTitle": "Iterate over elements Add specific product to basket",
              "timedOut": null,
              "duration": 3534,
              "state": "passed",
              "speed": "fast",
              "pass": true,
              "fail": false,
              "pending": false,
              "context": null,
              "code": "cy.visit(\"https://automationteststore.com/\");\ncy.get(\"a[href*='product/category&path=']\").contains(\"Hair Care\").click();\ncy.get(\".fixed_wrapper .prdocutname\").each(($el, index, $list) => {\n  if ($el.text().includes('Curls to straight Shampoo')) {\n    cy.wrap($el).click();\n  }\n});",
              "err": {},
              "uuid": "3fc376c4-e716-4425-96be-cebdd25ba6ed",
              "parentUUID": "2e092d1d-4629-40e1-b615-fe7ff70bb2e8",
              "isHook": false,
              "skipped": false
            }
          ],
          "suites": [],
          "passes": [
            "fca67a14-ccc4-483c-a1b8-3b5297fcffcd",
            "3fc376c4-e716-4425-96be-cebdd25ba6ed"
          ],
          "failures": [],
          "pending": [],
          "skipped": [],
          "duration": 8299,
          "root": false,
          "rootEmpty": false,
          "_timeout": 2000
        }
      ],
      "passes": [],
      "failures": [],
      "pending": [],
      "skipped": [],
      "duration": 0,
      "root": true,
      "rootEmpty": true,
      "_timeout": 2000
    },
    {
      "uuid": "2c32f726-e6cb-48ed-9fb5-67a0e68c540b",
      "title": "",
      "fullFile": "cypress/e2e/Automation-test-store/variables-and-cy-commands.js",
      "file": "cypress/e2e/Automation-test-store/variables-and-cy-commands.js",
      "beforeHooks": [],
      "afterHooks": [],
      "tests": [],
      "suites": [
        {
          "uuid": "36dd5a75-2e06-4630-9c55-8929285eec24",
          "title": "Verifying variables, cypress commands and jquery commands",
          "fullFile": "",
          "file": "",
          "beforeHooks": [],
          "afterHooks": [],
          "tests": [
            {
              "title": "Validate properties of the Contact Us Page",
              "fullTitle": "Verifying variables, cypress commands and jquery commands Validate properties of the Contact Us Page",
              "timedOut": null,
              "duration": 2568,
              "state": "passed",
              "speed": "fast",
              "pass": true,
              "fail": false,
              "pending": false,
              "context": null,
              "code": "cy.visit(\"https://automationteststore.com/index.php?rt=content/contact\");\n//Uses cypress commands and chaining\ncy.contains('#ContactUsFrm', 'Contact Us Form').find('#field_11').should('contain', 'First name');\n//JQuery Approach\ncy.contains('#ContactUsFrm', 'Contact Us Form').then(text => {\n  const firstNameText = text.find('#field_11').text();\n  expect(firstNameText).to.contain('First name');\n  //Embedded commands (Closure)\n  cy.get('#field_11').then(fnText => {\n    cy.log(fnText.text());\n    cy.log(fnText);\n  });\n});",
              "err": {},
              "uuid": "5be36110-4a24-4188-934e-22d0a0b522a7",
              "parentUUID": "36dd5a75-2e06-4630-9c55-8929285eec24",
              "isHook": false,
              "skipped": false
            }
          ],
          "suites": [],
          "passes": [
            "5be36110-4a24-4188-934e-22d0a0b522a7"
          ],
          "failures": [],
          "pending": [],
          "skipped": [],
          "duration": 2568,
          "root": false,
          "rootEmpty": false,
          "_timeout": 2000
        }
      ],
      "passes": [],
      "failures": [],
      "pending": [],
      "skipped": [],
      "duration": 0,
      "root": true,
      "rootEmpty": true,
      "_timeout": 2000
    },
    {
      "uuid": "b1954347-b3d3-439a-a79d-4270384fc591",
      "title": "",
      "fullFile": "cypress/e2e/other/hooks.js",
      "file": "cypress/e2e/other/hooks.js",
      "beforeHooks": [],
      "afterHooks": [],
      "tests": [],
      "suites": [
        {
          "uuid": "53e126e7-e89b-48e4-b896-de2f6575086b",
          "title": "Hooks",
          "fullFile": "",
          "file": "",
          "beforeHooks": [],
          "afterHooks": [],
          "tests": [
            {
              "title": "Example test1",
              "fullTitle": "Hooks Example test1",
              "timedOut": null,
              "duration": 44,
              "state": "passed",
              "speed": "fast",
              "pass": true,
              "fail": false,
              "pending": false,
              "context": null,
              "code": "cy.log(\"Example test1!\");",
              "err": {},
              "uuid": "aac16390-c406-4196-9512-da3edbe4c982",
              "parentUUID": "53e126e7-e89b-48e4-b896-de2f6575086b",
              "isHook": false,
              "skipped": false
            },
            {
              "title": "Example test2",
              "fullTitle": "Hooks Example test2",
              "timedOut": null,
              "duration": 21,
              "state": "passed",
              "speed": "fast",
              "pass": true,
              "fail": false,
              "pending": false,
              "context": null,
              "code": "cy.log(\"Example test2!\");",
              "err": {},
              "uuid": "dcc6b1da-be4d-454d-929f-dcf2ec712399",
              "parentUUID": "53e126e7-e89b-48e4-b896-de2f6575086b",
              "isHook": false,
              "skipped": false
            }
          ],
          "suites": [],
          "passes": [
            "aac16390-c406-4196-9512-da3edbe4c982",
            "dcc6b1da-be4d-454d-929f-dcf2ec712399"
          ],
          "failures": [],
          "pending": [],
          "skipped": [],
          "duration": 65,
          "root": false,
          "rootEmpty": false,
          "_timeout": 2000
        }
      ],
      "passes": [],
      "failures": [],
      "pending": [],
      "skipped": [],
      "duration": 0,
      "root": true,
      "rootEmpty": true,
      "_timeout": 2000
    },
    {
      "uuid": "8ea510c3-f484-443d-9da8-826aeb7a40d5",
      "title": "",
      "fullFile": "cypress/e2e/other/same-origin-policy.js",
      "file": "cypress/e2e/other/same-origin-policy.js",
      "beforeHooks": [],
      "afterHooks": [],
      "tests": [],
      "suites": [
        {
          "uuid": "9ac6be40-944d-471f-9203-23d117872f69",
          "title": "Cypress web security",
          "fullFile": "",
          "file": "",
          "beforeHooks": [],
          "afterHooks": [],
          "tests": [
            {
              "title": "Validate visiting two different domains",
              "fullTitle": "Cypress web security Validate visiting two different domains",
              "timedOut": null,
              "duration": 0,
              "state": "pending",
              "speed": null,
              "pass": false,
              "fail": false,
              "pending": true,
              "context": null,
              "code": "cy.visit('http://www.webdriveruniversity.com/');\ncy.visit('https://www.google.com');",
              "err": {},
              "uuid": "5f4039db-f7c7-47b7-9d1a-905ae4cb2fae",
              "parentUUID": "9ac6be40-944d-471f-9203-23d117872f69",
              "isHook": false,
              "skipped": false
            },
            {
              "title": "Validate visiting two different domains via user actions",
              "fullTitle": "Cypress web security Validate visiting two different domains via user actions",
              "timedOut": null,
              "duration": 5274,
              "state": "passed",
              "speed": "medium",
              "pass": true,
              "fail": false,
              "pending": false,
              "context": null,
              "code": "cy.visit('http://www.webdriveruniversity.com/');\ncy.get('#automation-test-store').invoke('removeAttr', 'target').click();",
              "err": {},
              "uuid": "71e1628c-0908-4ef7-98fc-256f009c524f",
              "parentUUID": "9ac6be40-944d-471f-9203-23d117872f69",
              "isHook": false,
              "skipped": false
            },
            {
              "title": "Origin command",
              "fullTitle": "Cypress web security Origin command",
              "timedOut": null,
              "duration": 5280,
              "state": "passed",
              "speed": "medium",
              "pass": true,
              "fail": false,
              "pending": false,
              "context": null,
              "code": "cy.origin('webdriveruniversity.com', () => {\n  cy.visit(\"/\");\n});\ncy.origin('automationteststore.com', () => {\n  cy.visit(\"/\");\n});\n//Same Origin Example:\n//cy.visit(\"https://www.webdriveruniversity.com\");\n//cy.visit(\"https://selectors.webdriveruniversity.com\");",
              "err": {},
              "uuid": "4eba53ea-9918-4c43-afea-0d0ccdea97c4",
              "parentUUID": "9ac6be40-944d-471f-9203-23d117872f69",
              "isHook": false,
              "skipped": false
            }
          ],
          "suites": [],
          "passes": [
            "71e1628c-0908-4ef7-98fc-256f009c524f",
            "4eba53ea-9918-4c43-afea-0d0ccdea97c4"
          ],
          "failures": [],
          "pending": [
            "5f4039db-f7c7-47b7-9d1a-905ae4cb2fae"
          ],
          "skipped": [],
          "duration": 10554,
          "root": false,
          "rootEmpty": false,
          "_timeout": 2000
        }
      ],
      "passes": [],
      "failures": [],
      "pending": [],
      "skipped": [],
      "duration": 0,
      "root": true,
      "rootEmpty": true,
      "_timeout": 2000
    },
    {
      "uuid": "61b6d138-1614-41ed-b394-c2009fdbeed8",
      "title": "",
      "fullFile": "cypress/e2e/WebDriver-Uni/autocomplete-dropdown-list.js",
      "file": "cypress/e2e/WebDriver-Uni/autocomplete-dropdown-list.js",
      "beforeHooks": [],
      "afterHooks": [],
      "tests": [],
      "suites": [
        {
          "uuid": "c67f3497-3d8f-447f-b808-8388b0f174ac",
          "title": "Verify Autocomplete dropwdown lists via webdriveruni",
          "fullFile": "",
          "file": "",
          "beforeHooks": [],
          "afterHooks": [],
          "tests": [
            {
              "title": "Select specific product via autocomplete list",
              "fullTitle": "Verify Autocomplete dropwdown lists via webdriveruni Select specific product via autocomplete list",
              "timedOut": null,
              "duration": 2873,
              "state": "passed",
              "speed": "fast",
              "pass": true,
              "fail": false,
              "pending": false,
              "context": null,
              "code": "cy.visit(\"http://www.webdriveruniversity.com\");\ncy.get('#autocomplete-textfield').invoke('removeAttr', 'target').click({\n  force: true\n});\ncy.get('#myInput').type('A');\ncy.get('#myInputautocomplete-list > *').each(($el, index, $list) => {\n  const prod = $el.text();\n  const productToSelect = 'Avacado';\n  if (prod === productToSelect) {\n    //$el.click();\n    $el.trigger(\"click\");\n    cy.get('#submit-button').click();\n    cy.url().should('include', productToSelect);\n  }\n}).then(() => {\n  cy.get('#myInput').type('g');\n  cy.get('#myInputautocomplete-list > *').each(($el, index, $list) => {\n    const prod = $el.text();\n    const productToSelect = 'Grapes';\n    if (prod === productToSelect) {\n      //$el.click();\n      $el.trigger(\"click\");\n      cy.get('#submit-button').click();\n      cy.url().should('include', productToSelect);\n    }\n  });\n});",
              "err": {},
              "uuid": "623b79ff-c23f-4ea6-abfe-fa632ad0abc6",
              "parentUUID": "c67f3497-3d8f-447f-b808-8388b0f174ac",
              "isHook": false,
              "skipped": false
            }
          ],
          "suites": [],
          "passes": [
            "623b79ff-c23f-4ea6-abfe-fa632ad0abc6"
          ],
          "failures": [],
          "pending": [],
          "skipped": [],
          "duration": 2873,
          "root": false,
          "rootEmpty": false,
          "_timeout": 2000
        }
      ],
      "passes": [],
      "failures": [],
      "pending": [],
      "skipped": [],
      "duration": 0,
      "root": true,
      "rootEmpty": true,
      "_timeout": 2000
    },
    {
      "uuid": "03ac54fc-5d6f-4157-9768-63c740a0e313",
      "title": "",
      "fullFile": "cypress/e2e/WebDriver-Uni/browser-navigation.js",
      "file": "cypress/e2e/WebDriver-Uni/browser-navigation.js",
      "beforeHooks": [],
      "afterHooks": [],
      "tests": [],
      "suites": [
        {
          "uuid": "4a4667d0-bb9f-47e5-9f26-0df516fba50c",
          "title": "Validate webdriveruni homepage links",
          "fullFile": "",
          "file": "",
          "beforeHooks": [],
          "afterHooks": [],
          "tests": [
            {
              "title": "Confirm links redirect to the correct pages",
              "fullTitle": "Validate webdriveruni homepage links Confirm links redirect to the correct pages",
              "timedOut": null,
              "duration": 5369,
              "state": "passed",
              "speed": "medium",
              "pass": true,
              "fail": false,
              "pending": false,
              "context": null,
              "code": "//cy.visit(\"http://www.webdriveruniversity.com/Contact-Us/contactus.html\");\ncy.visit(\"https://www.webdriveruniversity.com\");\ncy.get('#contact-us').invoke('removeAttr', 'target').click({\n  force: true\n});\ncy.url().should('include', 'contactus');\ncy.go('back');\ncy.reload();\ncy.url().should('include', 'https://www.webdriveruniversity.com/');\n//cy.reload(true) //reload without using cache\ncy.go('forward');\ncy.url().should('include', 'contactus');\ncy.go('back');\ncy.get('#login-portal').invoke('removeAttr', 'target').click({\n  force: true\n});\ncy.url().should('include', 'Login-Portal');\ncy.go('back');\ncy.visit(\"https://www.webdriveruniversity.com\");\ncy.get('#to-do-list').invoke('removeAttr', 'target').click({\n  force: true\n});\ncy.url().should('include', 'To-Do-List');\ncy.go('back');",
              "err": {},
              "uuid": "8c4f999b-d7e5-47ba-842d-8033b34a3bcf",
              "parentUUID": "4a4667d0-bb9f-47e5-9f26-0df516fba50c",
              "isHook": false,
              "skipped": false
            }
          ],
          "suites": [],
          "passes": [
            "8c4f999b-d7e5-47ba-842d-8033b34a3bcf"
          ],
          "failures": [],
          "pending": [],
          "skipped": [],
          "duration": 5369,
          "root": false,
          "rootEmpty": false,
          "_timeout": 2000
        }
      ],
      "passes": [],
      "failures": [],
      "pending": [],
      "skipped": [],
      "duration": 0,
      "root": true,
      "rootEmpty": true,
      "_timeout": 2000
    },
    {
      "uuid": "02f99157-a8c2-41e3-9de8-e1153ffb40ce",
      "title": "",
      "fullFile": "cypress/e2e/WebDriver-Uni/checkboxes.js",
      "file": "cypress/e2e/WebDriver-Uni/checkboxes.js",
      "beforeHooks": [],
      "afterHooks": [],
      "tests": [],
      "suites": [
        {
          "uuid": "938d4f02-3d6f-40c2-a5fa-5f91c664a325",
          "title": "Verify checkboxes via webdriveruni",
          "fullFile": "",
          "file": "",
          "beforeHooks": [],
          "afterHooks": [],
          "tests": [
            {
              "title": "Check and validate checkbox",
              "fullTitle": "Verify checkboxes via webdriveruni Check and validate checkbox",
              "timedOut": null,
              "duration": 2532,
              "state": "passed",
              "speed": "fast",
              "pass": true,
              "fail": false,
              "pending": false,
              "context": null,
              "code": "//cy.get('#checkboxes > :nth-child(1) > input').check()\n//cy.get('#checkboxes > :nth-child(1) > input').check().should('be.checked')\ncy.get('#checkboxes > :nth-child(1) > input').as('option-1');\n//cy.get('@option-1').check();\ncy.get('@option-1').check().should('be.checked');",
              "err": {},
              "uuid": "6c00175c-0a8c-4f02-89f0-4dc4f87fcd29",
              "parentUUID": "938d4f02-3d6f-40c2-a5fa-5f91c664a325",
              "isHook": false,
              "skipped": false
            },
            {
              "title": "Uncheck and validate checkbox",
              "fullTitle": "Verify checkboxes via webdriveruni Uncheck and validate checkbox",
              "timedOut": null,
              "duration": 456,
              "state": "passed",
              "speed": "fast",
              "pass": true,
              "fail": false,
              "pending": false,
              "context": null,
              "code": "cy.get(':nth-child(5) > input').as('option-3');\ncy.get('@option-3').uncheck().should('not.be.checked');",
              "err": {},
              "uuid": "b8269f5b-0d62-4fac-8093-189ccd977d79",
              "parentUUID": "938d4f02-3d6f-40c2-a5fa-5f91c664a325",
              "isHook": false,
              "skipped": false
            },
            {
              "title": "Check multiple checkboxes",
              "fullTitle": "Verify checkboxes via webdriveruni Check multiple checkboxes",
              "timedOut": null,
              "duration": 597,
              "state": "passed",
              "speed": "fast",
              "pass": true,
              "fail": false,
              "pending": false,
              "context": null,
              "code": "cy.get(\"input[type='checkbox']\").check([\"option-1\", \"option-2\", \"option-3\", \"option-4\"]).should('be.checked');",
              "err": {},
              "uuid": "8d2eeb9c-dac6-484e-bb9e-4f0239614646",
              "parentUUID": "938d4f02-3d6f-40c2-a5fa-5f91c664a325",
              "isHook": false,
              "skipped": false
            }
          ],
          "suites": [],
          "passes": [
            "6c00175c-0a8c-4f02-89f0-4dc4f87fcd29",
            "b8269f5b-0d62-4fac-8093-189ccd977d79",
            "8d2eeb9c-dac6-484e-bb9e-4f0239614646"
          ],
          "failures": [],
          "pending": [],
          "skipped": [],
          "duration": 3585,
          "root": false,
          "rootEmpty": false,
          "_timeout": 2000
        }
      ],
      "passes": [],
      "failures": [],
      "pending": [],
      "skipped": [],
      "duration": 0,
      "root": true,
      "rootEmpty": true,
      "_timeout": 2000
    },
    {
      "uuid": "d2b944ad-d909-43a6-9639-582c7d79e109",
      "title": "",
      "fullFile": "cypress/e2e/WebDriver-Uni/contact-us.js",
      "file": "cypress/e2e/WebDriver-Uni/contact-us.js",
      "beforeHooks": [],
      "afterHooks": [],
      "tests": [],
      "suites": [
        {
          "uuid": "ae4219a2-1959-46d9-bdad-d9202829e510",
          "title": "Test Contact Us form via WebdriverUni",
          "fullFile": "",
          "file": "",
          "beforeHooks": [],
          "afterHooks": [],
          "tests": [
            {
              "title": "Should be able to submit a successful submission via contact us form",
              "fullTitle": "Test Contact Us form via WebdriverUni Should be able to submit a successful submission via contact us form",
              "timedOut": null,
              "duration": 4180,
              "state": "passed",
              "speed": "fast",
              "pass": true,
              "fail": false,
              "pending": false,
              "context": null,
              "code": "//cy.visit(\"http://www.webdriveruniversity.com/Contact-Us/contactus.html\");\ncy.visit(\"https://www.webdriveruniversity.com\");\ncy.get('#contact-us').invoke('removeAttr', 'target').click({\n  force: true\n});\ncy.document().should('have.property', 'charset').and('eq', 'UTF-8');\ncy.title().should('include', 'WebDriver | Contact Us');\ncy.url().should('include', 'contactus');\n//cy.get('#contact-us').click({force: true})\ncy.get('[name=\"first_name\"]').type(data.first_name);\ncy.get('[name=\"last_name\"]').type(data.last_name);\ncy.get('[name=\"email\"]').type(data.email);\ncy.get('textarea.feedback-input').type(\"How can I learn Cypress?\");\ncy.get('[type=\"submit\"]').click();\ncy.get('h1').should('have.text', 'Thank You for your Message!');",
              "err": {},
              "uuid": "e45c9b34-3799-430a-b2c2-dade3e5a9747",
              "parentUUID": "ae4219a2-1959-46d9-bdad-d9202829e510",
              "isHook": false,
              "skipped": false
            },
            {
              "title": "Should not be able to submit a successful submission via contact us form as all fields are required",
              "fullTitle": "Test Contact Us form via WebdriverUni Should not be able to submit a successful submission via contact us form as all fields are required",
              "timedOut": null,
              "duration": 2697,
              "state": "passed",
              "speed": "fast",
              "pass": true,
              "fail": false,
              "pending": false,
              "context": null,
              "code": "//cy.visit(\"http://www.webdriveruniversity.com/Contact-Us/contactus.html\");\ncy.visit(\"http://www.webdriveruniversity.com\");\ncy.get('#contact-us').invoke('removeAttr', 'target').click({\n  force: true\n});\ncy.get('[name=\"first_name\"]').type(data.first_name);\ncy.get('[name=\"last_name\"]').type(data.last_name);\ncy.get('textarea.feedback-input').type(\"How can I learn Cypress?\");\ncy.get('[type=\"submit\"]').click();\ncy.get('body').contains('Error: all fields are required');",
              "err": {},
              "uuid": "65d9501e-bdd1-4f80-8bee-ff29ef0848a0",
              "parentUUID": "ae4219a2-1959-46d9-bdad-d9202829e510",
              "isHook": false,
              "skipped": false
            }
          ],
          "suites": [],
          "passes": [
            "e45c9b34-3799-430a-b2c2-dade3e5a9747",
            "65d9501e-bdd1-4f80-8bee-ff29ef0848a0"
          ],
          "failures": [],
          "pending": [],
          "skipped": [],
          "duration": 6877,
          "root": false,
          "rootEmpty": false,
          "_timeout": 2000
        }
      ],
      "passes": [],
      "failures": [],
      "pending": [],
      "skipped": [],
      "duration": 0,
      "root": true,
      "rootEmpty": true,
      "_timeout": 2000
    },
    {
      "uuid": "4fc12a2b-b097-49ae-ada1-e77cf122f736",
      "title": "",
      "fullFile": "cypress/e2e/WebDriver-Uni/data-tables.js",
      "file": "cypress/e2e/WebDriver-Uni/data-tables.js",
      "beforeHooks": [],
      "afterHooks": [],
      "tests": [],
      "suites": [
        {
          "uuid": "76e9aa46-3df6-4988-b4a2-1a2241550e65",
          "title": "Handling data via webdriveruni",
          "fullFile": "",
          "file": "",
          "beforeHooks": [],
          "afterHooks": [],
          "tests": [
            {
              "title": "Calculate and assert the total age of all users",
              "fullTitle": "Handling data via webdriveruni Calculate and assert the total age of all users",
              "timedOut": null,
              "duration": 2375,
              "state": "passed",
              "speed": "fast",
              "pass": true,
              "fail": false,
              "pending": false,
              "context": null,
              "code": "var userDetails = [];\nlet numb = 0;\ncy.get('#thumbnail-1 td').each(($el, index, $list) => {\n  userDetails[index] = $el.text();\n}).then(() => {\n  var i;\n  for (i = 0; i < userDetails.length; i++) {\n    if (Number(userDetails[i])) {\n      numb += Number(userDetails[i]);\n    }\n    //cy.log(userDetails[i])\n  }\n  cy.log(\"Found total age: \" + numb);\n  expect(numb).to.eq(322);\n});",
              "err": {},
              "uuid": "403eff5b-24d1-4283-89bb-13eae0387640",
              "parentUUID": "76e9aa46-3df6-4988-b4a2-1a2241550e65",
              "isHook": false,
              "skipped": false
            },
            {
              "title": "Calculate and assert the age of a given user based on last name",
              "fullTitle": "Handling data via webdriveruni Calculate and assert the age of a given user based on last name",
              "timedOut": null,
              "duration": 458,
              "state": "passed",
              "speed": "fast",
              "pass": true,
              "fail": false,
              "pending": false,
              "context": null,
              "code": "cy.get('#thumbnail-1 tr td:nth-child(2)').each(($el, index, $list) => {\n  const text = $el.text();\n  if (text.includes(\"Woods\")) {\n    cy.get('#thumbnail-1 tr td:nth-child(2)').eq(index).next().then(function (age) {\n      const userAge = age.text();\n      expect(userAge).to.equal(\"80\");\n    });\n  }\n});",
              "err": {},
              "uuid": "1884a260-35e3-47d8-adde-86789a52dfa8",
              "parentUUID": "76e9aa46-3df6-4988-b4a2-1a2241550e65",
              "isHook": false,
              "skipped": false
            }
          ],
          "suites": [],
          "passes": [
            "403eff5b-24d1-4283-89bb-13eae0387640",
            "1884a260-35e3-47d8-adde-86789a52dfa8"
          ],
          "failures": [],
          "pending": [],
          "skipped": [],
          "duration": 2833,
          "root": false,
          "rootEmpty": false,
          "_timeout": 2000
        }
      ],
      "passes": [],
      "failures": [],
      "pending": [],
      "skipped": [],
      "duration": 0,
      "root": true,
      "rootEmpty": true,
      "_timeout": 2000
    },
    {
      "uuid": "6df51db8-2fb4-47cc-a2e4-049b26946a75",
      "title": "",
      "fullFile": "cypress/e2e/WebDriver-Uni/datepicker.js",
      "file": "cypress/e2e/WebDriver-Uni/datepicker.js",
      "beforeHooks": [],
      "afterHooks": [],
      "tests": [],
      "suites": [
        {
          "uuid": "afabf443-eaf8-4e30-8c92-a31317544563",
          "title": "Test Datepicker via webdriveruni",
          "fullFile": "",
          "file": "",
          "beforeHooks": [],
          "afterHooks": [],
          "tests": [
            {
              "title": "Select date from the datepicker",
              "fullTitle": "Test Datepicker via webdriveruni Select date from the datepicker",
              "timedOut": null,
              "duration": 3421,
              "state": "passed",
              "speed": "fast",
              "pass": true,
              "fail": false,
              "pending": false,
              "context": null,
              "code": "cy.visit(\"http://www.webdriveruniversity.com\");\ncy.get('#datepicker').invoke('removeAttr', 'target').click({\n  force: true\n});\ncy.get('#datepicker').click();\n// let date = new Date();\n// date.setDate(date.getDate())\n// cy.log(date.getDate()) //get current day i.e. 22\n// let date2 = new Date();\n// date2.setDate(date.getDate() + 5)\n// cy.log(date2.getDate()) //get current day i.e. 22 + 5 = 27\nvar date = new Date();\ndate.setDate(date.getDate() + 400);\nvar futureYear = date.getFullYear();\nvar futureMonth = date.toLocaleString(\"default\", {\n  month: \"long\"\n});\nvar futureDay = date.getDate();\ncy.log(\"Future year to select: \" + futureYear);\ncy.log(\"Future month to select: \" + futureMonth);\ncy.log(\"Future day to select: \" + futureDay);\nfunction selectMonthAndYear() {\n  cy.get('.datepicker-dropdown').find('.datepicker-switch').first().then(currentDate => {\n    if (!currentDate.text().includes(futureYear)) {\n      cy.get('.next').first().click();\n      selectMonthAndYear();\n    }\n  }).then(() => {\n    cy.get('.datepicker-dropdown').find('.datepicker-switch').first().then(currentDate => {\n      if (!currentDate.text().includes(futureMonth)) {\n        cy.get('.next').first().click();\n        selectMonthAndYear();\n      }\n    });\n  });\n}\nfunction selectFutureDay() {\n  cy.get('[class=\"day\"]').contains(futureDay).click();\n}\nselectMonthAndYear();\nselectFutureDay();",
              "err": {},
              "uuid": "20d11921-66dd-4121-9ef7-66437a782741",
              "parentUUID": "afabf443-eaf8-4e30-8c92-a31317544563",
              "isHook": false,
              "skipped": false
            }
          ],
          "suites": [],
          "passes": [
            "20d11921-66dd-4121-9ef7-66437a782741"
          ],
          "failures": [],
          "pending": [],
          "skipped": [],
          "duration": 3421,
          "root": false,
          "rootEmpty": false,
          "_timeout": 2000
        }
      ],
      "passes": [],
      "failures": [],
      "pending": [],
      "skipped": [],
      "duration": 0,
      "root": true,
      "rootEmpty": true,
      "_timeout": 2000
    },
    {
      "uuid": "218bf2d4-2e81-4d67-b9c6-6cda8972bbed",
      "title": "",
      "fullFile": "cypress/e2e/WebDriver-Uni/iframe.js",
      "file": "cypress/e2e/WebDriver-Uni/iframe.js",
      "beforeHooks": [],
      "afterHooks": [],
      "tests": [],
      "suites": [
        {
          "uuid": "efc8ef23-dc78-4f46-9d2a-0e4274d72034",
          "title": "Handling IFrame & Modals",
          "fullFile": "",
          "file": "",
          "beforeHooks": [],
          "afterHooks": [],
          "tests": [
            {
              "title": "Handle webdriveruni iframe and modal",
              "fullTitle": "Handling IFrame & Modals Handle webdriveruni iframe and modal",
              "timedOut": null,
              "duration": 2823,
              "state": "passed",
              "speed": "fast",
              "pass": true,
              "fail": false,
              "pending": false,
              "context": null,
              "code": "cy.visit(\"https://www.webdriveruniversity.com\");\ncy.get('#iframe').invoke('removeAttr', 'target').click({\n  force: true\n});\ncy.get('#frame').then($iframe => {\n  const body = $iframe.contents().find('body');\n  cy.wrap(body).as('iframe');\n});\ncy.get('@iframe').find('#button-find-out-more').click();\ncy.get('@iframe').find('#myModal').as('modal');\ncy.get('@modal').should($expectedText => {\n  const text = $expectedText.text();\n  expect(text).to.include('Welcome to webdriveruniversity.com we sell a wide range of electrical goods');\n});\ncy.get('@modal').contains('Close').click();",
              "err": {},
              "uuid": "641dd093-7008-478b-9979-7ef387069956",
              "parentUUID": "efc8ef23-dc78-4f46-9d2a-0e4274d72034",
              "isHook": false,
              "skipped": false
            }
          ],
          "suites": [],
          "passes": [
            "641dd093-7008-478b-9979-7ef387069956"
          ],
          "failures": [],
          "pending": [],
          "skipped": [],
          "duration": 2823,
          "root": false,
          "rootEmpty": false,
          "_timeout": 2000
        }
      ],
      "passes": [],
      "failures": [],
      "pending": [],
      "skipped": [],
      "duration": 0,
      "root": true,
      "rootEmpty": true,
      "_timeout": 2000
    },
    {
      "uuid": "1b37ace5-63ed-4712-a49c-9275c584d422",
      "title": "",
      "fullFile": "cypress/e2e/WebDriver-Uni/js-alert.js",
      "file": "cypress/e2e/WebDriver-Uni/js-alert.js",
      "beforeHooks": [],
      "afterHooks": [],
      "tests": [],
      "suites": [
        {
          "uuid": "370bb399-bc99-4a78-b7aa-4c5ca8f6ef00",
          "title": "Handle js alerts",
          "fullFile": "",
          "file": "",
          "beforeHooks": [],
          "afterHooks": [],
          "tests": [
            {
              "title": "Confirm js alert contains the correct text",
              "fullTitle": "Handle js alerts Confirm js alert contains the correct text",
              "timedOut": null,
              "duration": 2233,
              "state": "passed",
              "speed": "fast",
              "pass": true,
              "fail": false,
              "pending": false,
              "context": null,
              "code": "//cy.visit(\"http://www.webdriveruniversity.com/Contact-Us/contactus.html\");\ncy.visit(\"http://www.webdriveruniversity.com\");\ncy.get('#popup-alerts').invoke('removeAttr', 'target').click({\n  force: true\n});\ncy.get('#button1').click();\ncy.on('window:alert', str => {\n  expect(str).to.equal('I am an alert box!');\n});",
              "err": {},
              "uuid": "e828781b-d60e-4c7b-870a-a30857d074b2",
              "parentUUID": "370bb399-bc99-4a78-b7aa-4c5ca8f6ef00",
              "isHook": false,
              "skipped": false
            },
            {
              "title": "Validate js confirm alert box works correctly when clicking ok",
              "fullTitle": "Handle js alerts Validate js confirm alert box works correctly when clicking ok",
              "timedOut": null,
              "duration": 463,
              "state": "passed",
              "speed": "fast",
              "pass": true,
              "fail": false,
              "pending": false,
              "context": null,
              "code": "//cy.visit(\"http://www.webdriveruniversity.com/Contact-Us/contactus.html\");\ncy.visit(\"http://www.webdriveruniversity.com\");\ncy.get('#popup-alerts').invoke('removeAttr', 'target').click({\n  force: true\n});\ncy.get('#button4').click();\ncy.on('window:confirm', str => {\n  return true;\n});\ncy.get('#confirm-alert-text').contains('You pressed OK!');",
              "err": {},
              "uuid": "56989ec7-691c-4cc7-88b4-07d0bdf3a349",
              "parentUUID": "370bb399-bc99-4a78-b7aa-4c5ca8f6ef00",
              "isHook": false,
              "skipped": false
            },
            {
              "title": "Validate js confirm alert box works correctly when clicking cancel",
              "fullTitle": "Handle js alerts Validate js confirm alert box works correctly when clicking cancel",
              "timedOut": null,
              "duration": 445,
              "state": "passed",
              "speed": "fast",
              "pass": true,
              "fail": false,
              "pending": false,
              "context": null,
              "code": "//cy.visit(\"http://www.webdriveruniversity.com/Contact-Us/contactus.html\");\ncy.visit(\"http://www.webdriveruniversity.com\");\ncy.get('#popup-alerts').invoke('removeAttr', 'target').click({\n  force: true\n});\ncy.get('#button4').click();\ncy.on('window:confirm', str => {\n  return false;\n});\ncy.get('#confirm-alert-text').contains('You pressed Cancel!');",
              "err": {},
              "uuid": "c138852c-6d64-411a-810c-97062b7843c3",
              "parentUUID": "370bb399-bc99-4a78-b7aa-4c5ca8f6ef00",
              "isHook": false,
              "skipped": false
            },
            {
              "title": "Validate js confirm alert box using a stub",
              "fullTitle": "Handle js alerts Validate js confirm alert box using a stub",
              "timedOut": null,
              "duration": 482,
              "state": "passed",
              "speed": "fast",
              "pass": true,
              "fail": false,
              "pending": false,
              "context": null,
              "code": "//cy.visit(\"http://www.webdriveruniversity.com/Contact-Us/contactus.html\");\ncy.visit(\"http://www.webdriveruniversity.com\");\ncy.get('#popup-alerts').invoke('removeAttr', 'target').click({\n  force: true\n});\nconst stub = cy.stub();\ncy.on('window:confirm', stub);\ncy.get('#button4').click().then(() => {\n  expect(stub.getCall(0)).to.be.calledWith('Press a button!');\n}).then(() => {\n  return true;\n}).then(() => {\n  cy.get('#confirm-alert-text').contains('You pressed OK!');\n});",
              "err": {},
              "uuid": "e6d45297-6a3d-4859-8199-7ea66c333be5",
              "parentUUID": "370bb399-bc99-4a78-b7aa-4c5ca8f6ef00",
              "isHook": false,
              "skipped": false
            }
          ],
          "suites": [],
          "passes": [
            "e828781b-d60e-4c7b-870a-a30857d074b2",
            "56989ec7-691c-4cc7-88b4-07d0bdf3a349",
            "c138852c-6d64-411a-810c-97062b7843c3",
            "e6d45297-6a3d-4859-8199-7ea66c333be5"
          ],
          "failures": [],
          "pending": [],
          "skipped": [],
          "duration": 3623,
          "root": false,
          "rootEmpty": false,
          "_timeout": 2000
        }
      ],
      "passes": [],
      "failures": [],
      "pending": [],
      "skipped": [],
      "duration": 0,
      "root": true,
      "rootEmpty": true,
      "_timeout": 2000
    },
    {
      "uuid": "b47023f9-0a53-4508-adb1-2dab1af448cc",
      "title": "",
      "fullFile": "cypress/e2e/WebDriver-Uni/mouse-actions.js",
      "file": "cypress/e2e/WebDriver-Uni/mouse-actions.js",
      "beforeHooks": [],
      "afterHooks": [],
      "tests": [],
      "suites": [
        {
          "uuid": "86013b65-8348-45c2-aaeb-55f9bc957a20",
          "title": "Test mouse actions",
          "fullFile": "",
          "file": "",
          "beforeHooks": [],
          "afterHooks": [],
          "tests": [
            {
              "title": "Scroll element into view",
              "fullTitle": "Test mouse actions Scroll element into view",
              "timedOut": null,
              "duration": 2025,
              "state": "passed",
              "speed": "fast",
              "pass": true,
              "fail": false,
              "pending": false,
              "context": null,
              "code": "cy.visit(\"http://www.webdriveruniversity.com\");\ncy.get('#actions').scrollIntoView().invoke('removeAttr', 'target').click({\n  force: true\n});",
              "err": {},
              "uuid": "fcdafe99-d248-458b-a6f5-8df9b24dd5c1",
              "parentUUID": "86013b65-8348-45c2-aaeb-55f9bc957a20",
              "isHook": false,
              "skipped": false
            },
            {
              "title": "I should be able to drag and drop a draggable item",
              "fullTitle": "Test mouse actions I should be able to drag and drop a draggable item",
              "timedOut": null,
              "duration": 467,
              "state": "passed",
              "speed": "fast",
              "pass": true,
              "fail": false,
              "pending": false,
              "context": null,
              "code": "cy.visit(\"http://www.webdriveruniversity.com\");\ncy.get('#actions').scrollIntoView().invoke('removeAttr', 'target').click({\n  force: true\n});\ncy.get('#draggable').trigger('mousedown', {\n  which: 1\n});\ncy.get('#droppable').trigger('mousemove').trigger('mouseup', {\n  force: true\n});",
              "err": {},
              "uuid": "64aa5e36-e2b5-4c69-a3ba-18b39d102c81",
              "parentUUID": "86013b65-8348-45c2-aaeb-55f9bc957a20",
              "isHook": false,
              "skipped": false
            },
            {
              "title": "I should be able to perform a double mouse click",
              "fullTitle": "Test mouse actions I should be able to perform a double mouse click",
              "timedOut": null,
              "duration": 451,
              "state": "passed",
              "speed": "fast",
              "pass": true,
              "fail": false,
              "pending": false,
              "context": null,
              "code": "cy.visit(\"http://www.webdriveruniversity.com\");\ncy.get('#actions').scrollIntoView().invoke('removeAttr', 'target').click({\n  force: true\n});\ncy.get('#double-click').dblclick();",
              "err": {},
              "uuid": "db425a7e-94ec-4360-8b80-6124e0d9777b",
              "parentUUID": "86013b65-8348-45c2-aaeb-55f9bc957a20",
              "isHook": false,
              "skipped": false
            },
            {
              "title": "I should be able hold down the left mouse click button on a given element",
              "fullTitle": "Test mouse actions I should be able hold down the left mouse click button on a given element",
              "timedOut": null,
              "duration": 407,
              "state": "passed",
              "speed": "fast",
              "pass": true,
              "fail": false,
              "pending": false,
              "context": null,
              "code": "cy.visit(\"http://www.webdriveruniversity.com\");\ncy.get('#actions').scrollIntoView().invoke('removeAttr', 'target').click({\n  force: true\n});\ncy.get('#click-box').trigger('mousedown', {\n  which: 1\n}).then($element => {\n  expect($element).to.have.css('background-color', 'rgb(0, 255, 0)');\n});",
              "err": {},
              "uuid": "b4e53afb-561d-444c-965b-5c262da28b36",
              "parentUUID": "86013b65-8348-45c2-aaeb-55f9bc957a20",
              "isHook": false,
              "skipped": false
            }
          ],
          "suites": [],
          "passes": [
            "fcdafe99-d248-458b-a6f5-8df9b24dd5c1",
            "64aa5e36-e2b5-4c69-a3ba-18b39d102c81",
            "db425a7e-94ec-4360-8b80-6124e0d9777b",
            "b4e53afb-561d-444c-965b-5c262da28b36"
          ],
          "failures": [],
          "pending": [],
          "skipped": [],
          "duration": 3350,
          "root": false,
          "rootEmpty": false,
          "_timeout": 2000
        }
      ],
      "passes": [],
      "failures": [],
      "pending": [],
      "skipped": [],
      "duration": 0,
      "root": true,
      "rootEmpty": true,
      "_timeout": 2000
    },
    {
      "uuid": "787064c3-30df-4078-a6f4-f544bbda4105",
      "title": "",
      "fullFile": "cypress/e2e/WebDriver-Uni/radio-button.js",
      "file": "cypress/e2e/WebDriver-Uni/radio-button.js",
      "beforeHooks": [],
      "afterHooks": [],
      "tests": [],
      "suites": [
        {
          "uuid": "af255479-cda4-4260-99b3-bacb0c2af5fa",
          "title": "Verify radio buttons via webdriveruni",
          "fullFile": "",
          "file": "",
          "beforeHooks": [],
          "afterHooks": [],
          "tests": [
            {
              "title": "Check specific radio buttons",
              "fullTitle": "Verify radio buttons via webdriveruni Check specific radio buttons",
              "timedOut": null,
              "duration": 2157,
              "state": "passed",
              "speed": "fast",
              "pass": true,
              "fail": false,
              "pending": false,
              "context": null,
              "code": "cy.get('#radio-buttons').find(\"[type='radio']\").first().check();\ncy.get('#radio-buttons').find(\"[type='radio']\").eq(1).check();",
              "err": {},
              "uuid": "4df65358-edd3-45ac-bd02-ff5dc2aad479",
              "parentUUID": "af255479-cda4-4260-99b3-bacb0c2af5fa",
              "isHook": false,
              "skipped": false
            },
            {
              "title": "Validate the states of specific radio buttons",
              "fullTitle": "Verify radio buttons via webdriveruni Validate the states of specific radio buttons",
              "timedOut": null,
              "duration": 4214,
              "state": "failed",
              "speed": null,
              "pass": false,
              "fail": true,
              "pending": false,
              "context": null,
              "code": "cy.get(\"[value='lettuce']\").should('not.be.checked');\ncy.get(\"[value='pumpkin']\").should('be.checked');\ncy.get(\"[value='lettuce']\").check();\ncy.get(\"[value='lettuce']\").should('be.checked');\ncy.get(\"[value='pumpkin']\").should('not.be.checked');\ncy.get(\"[value='cabbage']\").should('be.disabled');",
              "err": {
                "message": "AssertionError: Timed out retrying after 4000ms: Expected to find element: `[value='lettuce']`, but never found it.",
                "estack": "AssertionError: Timed out retrying after 4000ms: Expected to find element: `[value='lettuce']`, but never found it.\n    at Context.eval (webpack:///./cypress/e2e/WebDriver-Uni/radio-button.js:14:36)",
                "diff": null
              },
              "uuid": "2bc9d36e-1020-432e-abc7-a6e9f8d7217d",
              "parentUUID": "af255479-cda4-4260-99b3-bacb0c2af5fa",
              "isHook": false,
              "skipped": false
            }
          ],
          "suites": [],
          "passes": [
            "4df65358-edd3-45ac-bd02-ff5dc2aad479"
          ],
          "failures": [
            "2bc9d36e-1020-432e-abc7-a6e9f8d7217d"
          ],
          "pending": [],
          "skipped": [],
          "duration": 6371,
          "root": false,
          "rootEmpty": false,
          "_timeout": 2000
        }
      ],
      "passes": [],
      "failures": [],
      "pending": [],
      "skipped": [],
      "duration": 0,
      "root": true,
      "rootEmpty": true,
      "_timeout": 2000
    },
    {
      "uuid": "287fe32b-7846-4a53-8e1e-b8cd2bc152cd",
      "title": "",
      "fullFile": "cypress/e2e/WebDriver-Uni/select-dropdown-list.js",
      "file": "cypress/e2e/WebDriver-Uni/select-dropdown-list.js",
      "beforeHooks": [],
      "afterHooks": [],
      "tests": [],
      "suites": [
        {
          "uuid": "3f810884-f9ae-489b-aced-b8554ff64535",
          "title": "Interact with dropdown lists via webdriveruni",
          "fullFile": "",
          "file": "",
          "beforeHooks": [],
          "afterHooks": [],
          "tests": [
            {
              "title": "Select specific values via select dropdown lists",
              "fullTitle": "Interact with dropdown lists via webdriveruni Select specific values via select dropdown lists",
              "timedOut": null,
              "duration": 2682,
              "state": "passed",
              "speed": "fast",
              "pass": true,
              "fail": false,
              "pending": false,
              "context": null,
              "code": "cy.visit(\"http://www.webdriveruniversity.com\");\ncy.get('#dropdown-checkboxes-radiobuttons').invoke('removeAttr', 'target').click({\n  force: true\n});\ncy.get('#dropdowm-menu-1').select('c#');\ncy.get('#dropdowm-menu-2').select('testng').should('have.value', 'testng');\ncy.get('#dropdowm-menu-3').select('JQuery').contains('JQuery');",
              "err": {},
              "uuid": "e22548c7-1553-4c0c-8a3b-527b60d8848b",
              "parentUUID": "3f810884-f9ae-489b-aced-b8554ff64535",
              "isHook": false,
              "skipped": false
            }
          ],
          "suites": [],
          "passes": [
            "e22548c7-1553-4c0c-8a3b-527b60d8848b"
          ],
          "failures": [],
          "pending": [],
          "skipped": [],
          "duration": 2682,
          "root": false,
          "rootEmpty": false,
          "_timeout": 2000
        }
      ],
      "passes": [],
      "failures": [],
      "pending": [],
      "skipped": [],
      "duration": 0,
      "root": true,
      "rootEmpty": true,
      "_timeout": 2000
    },
    {
      "uuid": "62a9bc50-1194-4244-a2af-95d31e6e07ab",
      "title": "",
      "fullFile": "cypress/e2e/WebDriver-Uni/selector.js",
      "file": "cypress/e2e/WebDriver-Uni/selector.js",
      "beforeHooks": [],
      "afterHooks": [],
      "tests": [],
      "suites": [
        {
          "uuid": "0f4c25dc-4fa1-4388-9abc-b02243c71ac9",
          "title": "selector examples",
          "fullFile": "",
          "file": "",
          "beforeHooks": [],
          "afterHooks": [],
          "tests": [
            {
              "title": "Example of selectors via WebDriverUni contact Us Page",
              "fullTitle": "selector examples Example of selectors via WebDriverUni contact Us Page",
              "timedOut": null,
              "duration": 1387,
              "state": "failed",
              "speed": null,
              "pass": false,
              "fail": true,
              "pending": false,
              "context": null,
              "code": "cy.visit(\"https://www.webdriveruniversity.com/Contact-Us/contactus.html\");\n//by tag name\ncy.get(\"input\");\n//by attribute name and value\ncy.get(\"input[name='first_name']\");\n//by id\ncy.get(\"#contact_me\");\n//by class\ncy.get(\".feedback-input\");\n// by multiple classes\ncy.get(\"classes='navbar navbar-inverse navbar-fixed-top']\");\n//by two different attributes\ncy.get(\"[name='email'][placeholder='Email Address']\");\n//by xpath\ncy.get(\"//input[@name='first_name']\");",
              "err": {
                "message": "Error: Syntax error, unrecognized expression: classes='navbar navbar-inverse navbar-fixed-top']",
                "estack": "Error: Syntax error, unrecognized expression: classes='navbar navbar-inverse navbar-fixed-top']\n    at Sizzle.error (https://www.webdriveruniversity.com/__cypress/runner/cypress_runner.js:88918:8)\n    at Sizzle.tokenize (https://www.webdriveruniversity.com/__cypress/runner/cypress_runner.js:89570:11)\n    at Sizzle.select (https://www.webdriveruniversity.com/__cypress/runner/cypress_runner.js:89997:20)\n    at Function.Sizzle [as find] (https://www.webdriveruniversity.com/__cypress/runner/cypress_runner.js:88222:9)\n    at jQuery.fn.init.find (https://www.webdriveruniversity.com/__cypress/runner/cypress_runner.js:90253:11)\n    at new jQuery.fn.init (https://www.webdriveruniversity.com/__cypress/runner/cypress_runner.js:90368:40)\n    at Object.query (https://www.webdriveruniversity.com/__cypress/runner/cypress_runner.js:162029:10)\n    at $Cy.$$ (https://www.webdriveruniversity.com/__cypress/runner/cypress_runner.js:142591:65)\n    at <unknown> (https://www.webdriveruniversity.com/__cypress/runner/cypress_runner.js:139017:18)\n    at Object.subjectFn (https://www.webdriveruniversity.com/__cypress/runner/cypress_runner.js:149847:16)\n    at $Cy.verifyUpcomingAssertions (https://www.webdriveruniversity.com/__cypress/runner/cypress_runner.js:131084:31)\n    at onRetry (https://www.webdriveruniversity.com/__cypress/runner/cypress_runner.js:149838:15)\n    at retryQuery (https://www.webdriveruniversity.com/__cypress/runner/cypress_runner.js:149851:10)\n    at <unknown> (https://www.webdriveruniversity.com/__cypress/runner/cypress_runner.js:150001:17)\n    at tryCatcher (https://www.webdriveruniversity.com/__cypress/runner/cypress_runner.js:8914:23)\n    at Promise._settlePromiseFromHandler (https://www.webdriveruniversity.com/__cypress/runner/cypress_runner.js:6849:31)\n    at Promise._settlePromise (https://www.webdriveruniversity.com/__cypress/runner/cypress_runner.js:6906:18)\n    at Promise._settlePromiseCtx (https://www.webdriveruniversity.com/__cypress/runner/cypress_runner.js:6943:10)\n    at _drainQueueStep (https://www.webdriveruniversity.com/__cypress/runner/cypress_runner.js:3625:12)\n    at _drainQueue (https://www.webdriveruniversity.com/__cypress/runner/cypress_runner.js:3614:9)\n    at ../../node_modules/bluebird/js/release/async.js.Async._drainQueues (https://www.webdriveruniversity.com/__cypress/runner/cypress_runner.js:3630:5)\n    at Async.drainQueues (https://www.webdriveruniversity.com/__cypress/runner/cypress_runner.js:3500:14)",
                "diff": null
              },
              "uuid": "3fe106f4-c7bd-41db-8802-770ecfb9d42f",
              "parentUUID": "0f4c25dc-4fa1-4388-9abc-b02243c71ac9",
              "isHook": false,
              "skipped": false
            }
          ],
          "suites": [],
          "passes": [],
          "failures": [
            "3fe106f4-c7bd-41db-8802-770ecfb9d42f"
          ],
          "pending": [],
          "skipped": [],
          "duration": 1387,
          "root": false,
          "rootEmpty": false,
          "_timeout": 2000
        }
      ],
      "passes": [],
      "failures": [],
      "pending": [],
      "skipped": [],
      "duration": 0,
      "root": true,
      "rootEmpty": true,
      "_timeout": 2000
    },
    {
      "uuid": "e3b53af5-120e-4ea9-8c41-4f7eaf11fce2",
      "title": "",
      "fullFile": "cypress/e2e/WebDriver-Uni/traversing-elements.js",
      "file": "cypress/e2e/WebDriver-Uni/traversing-elements.js",
      "beforeHooks": [],
      "afterHooks": [],
      "tests": [],
      "suites": [
        {
          "uuid": "8d098fda-a24e-4db3-95ce-98aa230ee1a7",
          "title": "Traversing DOM elements in Cypress",
          "fullFile": "",
          "file": "",
          "beforeHooks": [],
          "afterHooks": [],
          "tests": [
            {
              "title": "children() to get the children of DOM elements",
              "fullTitle": "Traversing DOM elements in Cypress children() to get the children of DOM elements",
              "timedOut": null,
              "duration": 2003,
              "state": "passed",
              "speed": "fast",
              "pass": true,
              "fail": false,
              "pending": false,
              "context": null,
              "code": "cy.get('.traversal-breadcrumb').children('.active').should('contain', 'Contact Us');",
              "err": {},
              "uuid": "9b1a2991-ed38-4e91-bca3-345534d27830",
              "parentUUID": "8d098fda-a24e-4db3-95ce-98aa230ee1a7",
              "isHook": false,
              "skipped": false
            },
            {
              "title": "closest() to validate the closest ancestor DOM element",
              "fullTitle": "Traversing DOM elements in Cypress closest() to validate the closest ancestor DOM element",
              "timedOut": null,
              "duration": 402,
              "state": "passed",
              "speed": "fast",
              "pass": true,
              "fail": false,
              "pending": false,
              "context": null,
              "code": "cy.get('.traversal-badge').closest('ul').should('have.class', 'list-group');",
              "err": {},
              "uuid": "e60736b4-93ff-4298-88d6-30c9fb06450f",
              "parentUUID": "8d098fda-a24e-4db3-95ce-98aa230ee1a7",
              "isHook": false,
              "skipped": false
            },
            {
              "title": "eq() to retrieve a specific element based on index",
              "fullTitle": "Traversing DOM elements in Cypress eq() to retrieve a specific element based on index",
              "timedOut": null,
              "duration": 397,
              "state": "passed",
              "speed": "fast",
              "pass": true,
              "fail": false,
              "pending": false,
              "context": null,
              "code": "cy.get('.traversal-drinks-list > *').eq(2).should('contain', 'Milk');",
              "err": {},
              "uuid": "d12f3a92-5e68-4ca1-94e2-c625fc32b54a",
              "parentUUID": "8d098fda-a24e-4db3-95ce-98aa230ee1a7",
              "isHook": false,
              "skipped": false
            },
            {
              "title": "filter() to retrieve DOM elements that match a specific selector",
              "fullTitle": "Traversing DOM elements in Cypress filter() to retrieve DOM elements that match a specific selector",
              "timedOut": null,
              "duration": 401,
              "state": "passed",
              "speed": "fast",
              "pass": true,
              "fail": false,
              "pending": false,
              "context": null,
              "code": "cy.get('.btn-group-toggle > *').filter('.active').should('contain', 'Button-1');",
              "err": {},
              "uuid": "e74a4f9e-a27b-458c-b0ef-ea4f6cfb7f60",
              "parentUUID": "8d098fda-a24e-4db3-95ce-98aa230ee1a7",
              "isHook": false,
              "skipped": false
            },
            {
              "title": "find() to retrieve DOM elements of a given selector",
              "fullTitle": "Traversing DOM elements in Cypress find() to retrieve DOM elements of a given selector",
              "timedOut": null,
              "duration": 557,
              "state": "passed",
              "speed": "fast",
              "pass": true,
              "fail": false,
              "pending": false,
              "context": null,
              "code": "cy.get('.traversal-pagination').find('li').find('a').should('have.length', 7);",
              "err": {},
              "uuid": "855080f6-8e88-44a8-88ee-09c1b740bbfe",
              "parentUUID": "8d098fda-a24e-4db3-95ce-98aa230ee1a7",
              "isHook": false,
              "skipped": false
            },
            {
              "title": "first() to retrieve the first DOM element within elements ",
              "fullTitle": "Traversing DOM elements in Cypress first() to retrieve the first DOM element within elements ",
              "timedOut": null,
              "duration": 387,
              "state": "passed",
              "speed": "fast",
              "pass": true,
              "fail": false,
              "pending": false,
              "context": null,
              "code": "cy.get('.traversal-table > tbody > tr > td').first().should('contain', 'Andy');",
              "err": {},
              "uuid": "4b852b6f-4e07-45e6-affa-eebf714b410e",
              "parentUUID": "8d098fda-a24e-4db3-95ce-98aa230ee1a7",
              "isHook": false,
              "skipped": false
            },
            {
              "title": "last() to retrieve the last DOM element within elements",
              "fullTitle": "Traversing DOM elements in Cypress last() to retrieve the last DOM element within elements",
              "timedOut": null,
              "duration": 1233,
              "state": "passed",
              "speed": "fast",
              "pass": true,
              "fail": false,
              "pending": false,
              "context": null,
              "code": "cy.get('.traversal-table > tbody > tr > td').last().should('contain', 'Scott');",
              "err": {},
              "uuid": "6f600bc5-5b37-4d39-8c27-4af74ef63210",
              "parentUUID": "8d098fda-a24e-4db3-95ce-98aa230ee1a7",
              "isHook": false,
              "skipped": false
            },
            {
              "title": "nextAll() to get all of the next sibling DOM elements within elements",
              "fullTitle": "Traversing DOM elements in Cypress nextAll() to get all of the next sibling DOM elements within elements",
              "timedOut": null,
              "duration": 407,
              "state": "passed",
              "speed": "fast",
              "pass": true,
              "fail": false,
              "pending": false,
              "context": null,
              "code": "cy.get('.traversal-drinks-list').contains('Tea').nextAll().should('have.length', '3');",
              "err": {},
              "uuid": "4acf2325-e442-486d-8564-4d78587bf5e9",
              "parentUUID": "8d098fda-a24e-4db3-95ce-98aa230ee1a7",
              "isHook": false,
              "skipped": false
            },
            {
              "title": "nextUntil() to get all of the next sibling DOM elements within elements until another element",
              "fullTitle": "Traversing DOM elements in Cypress nextUntil() to get all of the next sibling DOM elements within elements until another element",
              "timedOut": null,
              "duration": 397,
              "state": "passed",
              "speed": "fast",
              "pass": true,
              "fail": false,
              "pending": false,
              "context": null,
              "code": "cy.get('#coffee').nextUntil('#milk');",
              "err": {},
              "uuid": "e6084dee-1be7-4ffc-aa8b-ed7292d0dc89",
              "parentUUID": "8d098fda-a24e-4db3-95ce-98aa230ee1a7",
              "isHook": false,
              "skipped": false
            },
            {
              "title": "not() to remove DOM element(s) from the set of elements",
              "fullTitle": "Traversing DOM elements in Cypress not() to remove DOM element(s) from the set of elements",
              "timedOut": null,
              "duration": 737,
              "state": "passed",
              "speed": "fast",
              "pass": true,
              "fail": false,
              "pending": false,
              "context": null,
              "code": "cy.get('.traversal-button-states > button').not('.disabled').should('not.have.class', 'disabled');",
              "err": {},
              "uuid": "57f4e3c3-1758-4a92-95f0-83d34f84e2f4",
              "parentUUID": "8d098fda-a24e-4db3-95ce-98aa230ee1a7",
              "isHook": false,
              "skipped": false
            },
            {
              "title": "parent() To get parent DOM element of elements",
              "fullTitle": "Traversing DOM elements in Cypress parent() To get parent DOM element of elements",
              "timedOut": null,
              "duration": 396,
              "state": "passed",
              "speed": "fast",
              "pass": true,
              "fail": false,
              "pending": false,
              "context": null,
              "code": "cy.get('.traversal-mark').parent().should('contain', 'Lorem ipsum dolor sit amet');",
              "err": {},
              "uuid": "0bbfaf44-8772-478e-a3d7-8d1b81aaa18c",
              "parentUUID": "8d098fda-a24e-4db3-95ce-98aa230ee1a7",
              "isHook": false,
              "skipped": false
            },
            {
              "title": "parents() to get parents DOM element of elements",
              "fullTitle": "Traversing DOM elements in Cypress parents() to get parents DOM element of elements",
              "timedOut": null,
              "duration": 397,
              "state": "passed",
              "speed": "fast",
              "pass": true,
              "fail": false,
              "pending": false,
              "context": null,
              "code": "cy.get('.traversal-cite').parents().should('match', 'blockquote');",
              "err": {},
              "uuid": "09f290a1-41aa-4ca6-a7d3-ea29390af629",
              "parentUUID": "8d098fda-a24e-4db3-95ce-98aa230ee1a7",
              "isHook": false,
              "skipped": false
            },
            {
              "title": "prev() to get the previous sibling DOM element within elements",
              "fullTitle": "Traversing DOM elements in Cypress prev() to get the previous sibling DOM element within elements",
              "timedOut": null,
              "duration": 389,
              "state": "passed",
              "speed": "fast",
              "pass": true,
              "fail": false,
              "pending": false,
              "context": null,
              "code": "cy.get('#sugar').prev().contains('Espresso');",
              "err": {},
              "uuid": "1db33236-f641-4945-b35f-6c795a5ba5b1",
              "parentUUID": "8d098fda-a24e-4db3-95ce-98aa230ee1a7",
              "isHook": false,
              "skipped": false
            },
            {
              "title": "prevAll() to get all previous sibling DOM elements within elements",
              "fullTitle": "Traversing DOM elements in Cypress prevAll() to get all previous sibling DOM elements within elements",
              "timedOut": null,
              "duration": 416,
              "state": "passed",
              "speed": "fast",
              "pass": true,
              "fail": false,
              "pending": false,
              "context": null,
              "code": "cy.get('.sales').prevAll().should('have.length', 2);",
              "err": {},
              "uuid": "747a224f-2f81-4493-9192-995596852a48",
              "parentUUID": "8d098fda-a24e-4db3-95ce-98aa230ee1a7",
              "isHook": false,
              "skipped": false
            },
            {
              "title": "prevUntil() to get all previous sibling DOM elements within elements until other element",
              "fullTitle": "Traversing DOM elements in Cypress prevUntil() to get all previous sibling DOM elements within elements until other element",
              "timedOut": null,
              "duration": 415,
              "state": "passed",
              "speed": "fast",
              "pass": true,
              "fail": false,
              "pending": false,
              "context": null,
              "code": "cy.get('#veggie').prevUntil('#fruits').should('have.length', 5);",
              "err": {},
              "uuid": "8a338937-d4dd-4a3e-9a5c-486e5fde8766",
              "parentUUID": "8d098fda-a24e-4db3-95ce-98aa230ee1a7",
              "isHook": false,
              "skipped": false
            },
            {
              "title": "siblings() To get all sibling DOM elements of elements",
              "fullTitle": "Traversing DOM elements in Cypress siblings() To get all sibling DOM elements of elements",
              "timedOut": null,
              "duration": 400,
              "state": "passed",
              "speed": "fast",
              "pass": true,
              "fail": false,
              "pending": false,
              "context": null,
              "code": "cy.get('.traversal-button-other-states .active').siblings().should('have.length', 3);",
              "err": {},
              "uuid": "8829e75e-ae43-40a1-9372-670539a2f786",
              "parentUUID": "8d098fda-a24e-4db3-95ce-98aa230ee1a7",
              "isHook": false,
              "skipped": false
            }
          ],
          "suites": [],
          "passes": [
            "9b1a2991-ed38-4e91-bca3-345534d27830",
            "e60736b4-93ff-4298-88d6-30c9fb06450f",
            "d12f3a92-5e68-4ca1-94e2-c625fc32b54a",
            "e74a4f9e-a27b-458c-b0ef-ea4f6cfb7f60",
            "855080f6-8e88-44a8-88ee-09c1b740bbfe",
            "4b852b6f-4e07-45e6-affa-eebf714b410e",
            "6f600bc5-5b37-4d39-8c27-4af74ef63210",
            "4acf2325-e442-486d-8564-4d78587bf5e9",
            "e6084dee-1be7-4ffc-aa8b-ed7292d0dc89",
            "57f4e3c3-1758-4a92-95f0-83d34f84e2f4",
            "0bbfaf44-8772-478e-a3d7-8d1b81aaa18c",
            "09f290a1-41aa-4ca6-a7d3-ea29390af629",
            "1db33236-f641-4945-b35f-6c795a5ba5b1",
            "747a224f-2f81-4493-9192-995596852a48",
            "8a338937-d4dd-4a3e-9a5c-486e5fde8766",
            "8829e75e-ae43-40a1-9372-670539a2f786"
          ],
          "failures": [],
          "pending": [],
          "skipped": [],
          "duration": 9334,
          "root": false,
          "rootEmpty": false,
          "_timeout": 2000
        }
      ],
      "passes": [],
      "failures": [],
      "pending": [],
      "skipped": [],
      "duration": 0,
      "root": true,
      "rootEmpty": true,
      "_timeout": 2000
    }
  ],
  "meta": {
    "mocha": {
      "version": "7.0.1"
    },
    "mochawesome": {
      "options": {
        "quiet": false,
        "reportFilename": "mochawesome",
        "saveHtml": false,
        "saveJson": true,
        "consoleReporter": "spec",
        "useInlineDiffs": false,
        "code": true
      },
      "version": "7.1.3"
    },
    "marge": {
      "options": {
        "id": "default",
        "reportDir": "cypress/results/mochawesome",
        "quite": true,
        "overwrite": false,
        "html": false,
        "json": true
      },
      "version": "6.2.0"
    }
  }
}