{
  "stats": {
    "suites": 1,
    "tests": 1,
    "passes": 0,
    "pending": 0,
    "failures": 1,
    "start": "2025-03-17T19:04:18.299Z",
    "end": "2025-03-17T19:04:20.551Z",
    "duration": 2252,
    "testsRegistered": 1,
    "passPercent": 0,
    "pendingPercent": 0,
    "other": 0,
    "hasOther": false,
    "skipped": 0,
    "hasSkipped": false
  },
  "results": [
    {
      "uuid": "62a9bc50-1194-4244-a2af-95d31e6e07ab",
      "title": "",
      "fullFile": "cypress/e2e/WebDriver-Uni/selector.js",
      "file": "cypress/e2e/WebDriver-Uni/selector.js",
      "beforeHooks": [],
      "afterHooks": [],
      "tests": [],
      "suites": [
        {
          "uuid": "0f4c25dc-4fa1-4388-9abc-b02243c71ac9",
          "title": "selector examples",
          "fullFile": "",
          "file": "",
          "beforeHooks": [],
          "afterHooks": [],
          "tests": [
            {
              "title": "Example of selectors via WebDriverUni contact Us Page",
              "fullTitle": "selector examples Example of selectors via WebDriverUni contact Us Page",
              "timedOut": null,
              "duration": 1387,
              "state": "failed",
              "speed": null,
              "pass": false,
              "fail": true,
              "pending": false,
              "context": null,
              "code": "cy.visit(\"https://www.webdriveruniversity.com/Contact-Us/contactus.html\");\n//by tag name\ncy.get(\"input\");\n//by attribute name and value\ncy.get(\"input[name='first_name']\");\n//by id\ncy.get(\"#contact_me\");\n//by class\ncy.get(\".feedback-input\");\n// by multiple classes\ncy.get(\"classes='navbar navbar-inverse navbar-fixed-top']\");\n//by two different attributes\ncy.get(\"[name='email'][placeholder='Email Address']\");\n//by xpath\ncy.get(\"//input[@name='first_name']\");",
              "err": {
                "message": "Error: Syntax error, unrecognized expression: classes='navbar navbar-inverse navbar-fixed-top']",
                "estack": "Error: Syntax error, unrecognized expression: classes='navbar navbar-inverse navbar-fixed-top']\n    at Sizzle.error (https://www.webdriveruniversity.com/__cypress/runner/cypress_runner.js:88918:8)\n    at Sizzle.tokenize (https://www.webdriveruniversity.com/__cypress/runner/cypress_runner.js:89570:11)\n    at Sizzle.select (https://www.webdriveruniversity.com/__cypress/runner/cypress_runner.js:89997:20)\n    at Function.Sizzle [as find] (https://www.webdriveruniversity.com/__cypress/runner/cypress_runner.js:88222:9)\n    at jQuery.fn.init.find (https://www.webdriveruniversity.com/__cypress/runner/cypress_runner.js:90253:11)\n    at new jQuery.fn.init (https://www.webdriveruniversity.com/__cypress/runner/cypress_runner.js:90368:40)\n    at Object.query (https://www.webdriveruniversity.com/__cypress/runner/cypress_runner.js:162029:10)\n    at $Cy.$$ (https://www.webdriveruniversity.com/__cypress/runner/cypress_runner.js:142591:65)\n    at <unknown> (https://www.webdriveruniversity.com/__cypress/runner/cypress_runner.js:139017:18)\n    at Object.subjectFn (https://www.webdriveruniversity.com/__cypress/runner/cypress_runner.js:149847:16)\n    at $Cy.verifyUpcomingAssertions (https://www.webdriveruniversity.com/__cypress/runner/cypress_runner.js:131084:31)\n    at onRetry (https://www.webdriveruniversity.com/__cypress/runner/cypress_runner.js:149838:15)\n    at retryQuery (https://www.webdriveruniversity.com/__cypress/runner/cypress_runner.js:149851:10)\n    at <unknown> (https://www.webdriveruniversity.com/__cypress/runner/cypress_runner.js:150001:17)\n    at tryCatcher (https://www.webdriveruniversity.com/__cypress/runner/cypress_runner.js:8914:23)\n    at Promise._settlePromiseFromHandler (https://www.webdriveruniversity.com/__cypress/runner/cypress_runner.js:6849:31)\n    at Promise._settlePromise (https://www.webdriveruniversity.com/__cypress/runner/cypress_runner.js:6906:18)\n    at Promise._settlePromiseCtx (https://www.webdriveruniversity.com/__cypress/runner/cypress_runner.js:6943:10)\n    at _drainQueueStep (https://www.webdriveruniversity.com/__cypress/runner/cypress_runner.js:3625:12)\n    at _drainQueue (https://www.webdriveruniversity.com/__cypress/runner/cypress_runner.js:3614:9)\n    at ../../node_modules/bluebird/js/release/async.js.Async._drainQueues (https://www.webdriveruniversity.com/__cypress/runner/cypress_runner.js:3630:5)\n    at Async.drainQueues (https://www.webdriveruniversity.com/__cypress/runner/cypress_runner.js:3500:14)",
                "diff": null
              },
              "uuid": "3fe106f4-c7bd-41db-8802-770ecfb9d42f",
              "parentUUID": "0f4c25dc-4fa1-4388-9abc-b02243c71ac9",
              "isHook": false,
              "skipped": false
            }
          ],
          "suites": [],
          "passes": [],
          "failures": [
            "3fe106f4-c7bd-41db-8802-770ecfb9d42f"
          ],
          "pending": [],
          "skipped": [],
          "duration": 1387,
          "root": false,
          "rootEmpty": false,
          "_timeout": 2000
        }
      ],
      "passes": [],
      "failures": [],
      "pending": [],
      "skipped": [],
      "duration": 0,
      "root": true,
      "rootEmpty": true,
      "_timeout": 2000
    }
  ],
  "meta": {
    "mocha": {
      "version": "7.0.1"
    },
    "mochawesome": {
      "options": {
        "quiet": false,
        "reportFilename": "mochawesome",
        "saveHtml": false,
        "saveJson": true,
        "consoleReporter": "spec",
        "useInlineDiffs": false,
        "code": true
      },
      "version": "7.1.3"
    },
    "marge": {
      "options": {
        "id": "default",
        "reportDir": "cypress/results/mochawesome",
        "quite": true,
        "overwrite": false,
        "html": false,
        "json": true
      },
      "version": "6.2.0"
    }
  }
}