{
  "stats": {
    "suites": 1,
    "tests": 2,
    "passes": 2,
    "pending": 1,
    "failures": -1,
    "start": "2025-03-17T19:02:32.603Z",
    "end": "2025-03-17T19:02:44.407Z",
    "duration": 11804,
    "testsRegistered": 3,
    "passPercent": 100,
    "pendingPercent": 33.33333333333333,
    "other": 1,
    "hasOther": true,
    "skipped": 0,
    "hasSkipped": false
  },
  "results": [
    {
      "uuid": "8ea510c3-f484-443d-9da8-826aeb7a40d5",
      "title": "",
      "fullFile": "cypress/e2e/other/same-origin-policy.js",
      "file": "cypress/e2e/other/same-origin-policy.js",
      "beforeHooks": [],
      "afterHooks": [],
      "tests": [],
      "suites": [
        {
          "uuid": "9ac6be40-944d-471f-9203-23d117872f69",
          "title": "Cypress web security",
          "fullFile": "",
          "file": "",
          "beforeHooks": [],
          "afterHooks": [],
          "tests": [
            {
              "title": "Validate visiting two different domains",
              "fullTitle": "Cypress web security Validate visiting two different domains",
              "timedOut": null,
              "duration": 0,
              "state": "pending",
              "speed": null,
              "pass": false,
              "fail": false,
              "pending": true,
              "context": null,
              "code": "cy.visit('http://www.webdriveruniversity.com/');\ncy.visit('https://www.google.com');",
              "err": {},
              "uuid": "5f4039db-f7c7-47b7-9d1a-905ae4cb2fae",
              "parentUUID": "9ac6be40-944d-471f-9203-23d117872f69",
              "isHook": false,
              "skipped": false
            },
            {
              "title": "Validate visiting two different domains via user actions",
              "fullTitle": "Cypress web security Validate visiting two different domains via user actions",
              "timedOut": null,
              "duration": 5274,
              "state": "passed",
              "speed": "medium",
              "pass": true,
              "fail": false,
              "pending": false,
              "context": null,
              "code": "cy.visit('http://www.webdriveruniversity.com/');\ncy.get('#automation-test-store').invoke('removeAttr', 'target').click();",
              "err": {},
              "uuid": "71e1628c-0908-4ef7-98fc-256f009c524f",
              "parentUUID": "9ac6be40-944d-471f-9203-23d117872f69",
              "isHook": false,
              "skipped": false
            },
            {
              "title": "Origin command",
              "fullTitle": "Cypress web security Origin command",
              "timedOut": null,
              "duration": 5280,
              "state": "passed",
              "speed": "medium",
              "pass": true,
              "fail": false,
              "pending": false,
              "context": null,
              "code": "cy.origin('webdriveruniversity.com', () => {\n  cy.visit(\"/\");\n});\ncy.origin('automationteststore.com', () => {\n  cy.visit(\"/\");\n});\n//Same Origin Example:\n//cy.visit(\"https://www.webdriveruniversity.com\");\n//cy.visit(\"https://selectors.webdriveruniversity.com\");",
              "err": {},
              "uuid": "4eba53ea-9918-4c43-afea-0d0ccdea97c4",
              "parentUUID": "9ac6be40-944d-471f-9203-23d117872f69",
              "isHook": false,
              "skipped": false
            }
          ],
          "suites": [],
          "passes": [
            "71e1628c-0908-4ef7-98fc-256f009c524f",
            "4eba53ea-9918-4c43-afea-0d0ccdea97c4"
          ],
          "failures": [],
          "pending": [
            "5f4039db-f7c7-47b7-9d1a-905ae4cb2fae"
          ],
          "skipped": [],
          "duration": 10554,
          "root": false,
          "rootEmpty": false,
          "_timeout": 2000
        }
      ],
      "passes": [],
      "failures": [],
      "pending": [],
      "skipped": [],
      "duration": 0,
      "root": true,
      "rootEmpty": true,
      "_timeout": 2000
    }
  ],
  "meta": {
    "mocha": {
      "version": "7.0.1"
    },
    "mochawesome": {
      "options": {
        "quiet": false,
        "reportFilename": "mochawesome",
        "saveHtml": false,
        "saveJson": true,
        "consoleReporter": "spec",
        "useInlineDiffs": false,
        "code": true
      },
      "version": "7.1.3"
    },
    "marge": {
      "options": {
        "id": "default",
        "reportDir": "cypress/results/mochawesome",
        "quite": true,
        "overwrite": false,
        "html": false,
        "json": true
      },
      "version": "6.2.0"
    }
  }
}