{
  "stats": {
    "suites": 1,
    "tests": 2,
    "passes": 1,
    "pending": 0,
    "failures": 1,
    "start": "2025-03-17T19:04:01.049Z",
    "end": "2025-03-17T19:04:08.411Z",
    "duration": 7362,
    "testsRegistered": 2,
    "passPercent": 50,
    "pendingPercent": 0,
    "other": 0,
    "hasOther": false,
    "skipped": 0,
    "hasSkipped": false
  },
  "results": [
    {
      "uuid": "787064c3-30df-4078-a6f4-f544bbda4105",
      "title": "",
      "fullFile": "cypress/e2e/WebDriver-Uni/radio-button.js",
      "file": "cypress/e2e/WebDriver-Uni/radio-button.js",
      "beforeHooks": [],
      "afterHooks": [],
      "tests": [],
      "suites": [
        {
          "uuid": "af255479-cda4-4260-99b3-bacb0c2af5fa",
          "title": "Verify radio buttons via webdriveruni",
          "fullFile": "",
          "file": "",
          "beforeHooks": [],
          "afterHooks": [],
          "tests": [
            {
              "title": "Check specific radio buttons",
              "fullTitle": "Verify radio buttons via webdriveruni Check specific radio buttons",
              "timedOut": null,
              "duration": 2157,
              "state": "passed",
              "speed": "fast",
              "pass": true,
              "fail": false,
              "pending": false,
              "context": null,
              "code": "cy.get('#radio-buttons').find(\"[type='radio']\").first().check();\ncy.get('#radio-buttons').find(\"[type='radio']\").eq(1).check();",
              "err": {},
              "uuid": "4df65358-edd3-45ac-bd02-ff5dc2aad479",
              "parentUUID": "af255479-cda4-4260-99b3-bacb0c2af5fa",
              "isHook": false,
              "skipped": false
            },
            {
              "title": "Validate the states of specific radio buttons",
              "fullTitle": "Verify radio buttons via webdriveruni Validate the states of specific radio buttons",
              "timedOut": null,
              "duration": 4214,
              "state": "failed",
              "speed": null,
              "pass": false,
              "fail": true,
              "pending": false,
              "context": null,
              "code": "cy.get(\"[value='lettuce']\").should('not.be.checked');\ncy.get(\"[value='pumpkin']\").should('be.checked');\ncy.get(\"[value='lettuce']\").check();\ncy.get(\"[value='lettuce']\").should('be.checked');\ncy.get(\"[value='pumpkin']\").should('not.be.checked');\ncy.get(\"[value='cabbage']\").should('be.disabled');",
              "err": {
                "message": "AssertionError: Timed out retrying after 4000ms: Expected to find element: `[value='lettuce']`, but never found it.",
                "estack": "AssertionError: Timed out retrying after 4000ms: Expected to find element: `[value='lettuce']`, but never found it.\n    at Context.eval (webpack:///./cypress/e2e/WebDriver-Uni/radio-button.js:14:36)",
                "diff": null
              },
              "uuid": "2bc9d36e-1020-432e-abc7-a6e9f8d7217d",
              "parentUUID": "af255479-cda4-4260-99b3-bacb0c2af5fa",
              "isHook": false,
              "skipped": false
            }
          ],
          "suites": [],
          "passes": [
            "4df65358-edd3-45ac-bd02-ff5dc2aad479"
          ],
          "failures": [
            "2bc9d36e-1020-432e-abc7-a6e9f8d7217d"
          ],
          "pending": [],
          "skipped": [],
          "duration": 6371,
          "root": false,
          "rootEmpty": false,
          "_timeout": 2000
        }
      ],
      "passes": [],
      "failures": [],
      "pending": [],
      "skipped": [],
      "duration": 0,
      "root": true,
      "rootEmpty": true,
      "_timeout": 2000
    }
  ],
  "meta": {
    "mocha": {
      "version": "7.0.1"
    },
    "mochawesome": {
      "options": {
        "quiet": false,
        "reportFilename": "mochawesome",
        "saveHtml": false,
        "saveJson": true,
        "consoleReporter": "spec",
        "useInlineDiffs": false,
        "code": true
      },
      "version": "7.1.3"
    },
    "marge": {
      "options": {
        "id": "default",
        "reportDir": "cypress/results/mochawesome",
        "quite": true,
        "overwrite": false,
        "html": false,
        "json": true
      },
      "version": "6.2.0"
    }
  }
}